<?xml version="1.0" encoding="UTF-8"?>
<!-- Generated by org.testng.reporters.JUnitXMLReporter -->
<testsuite ignored="11" hostname="LTIN689915" failures="1" tests="1" name="Default test" time="8.645" errors="0" timestamp="2026-04-20T11:37:46 IST">
  <testcase classname="com.selenium.tests.JustDialTest" name="TC_10_ReturnToHomeAndVerifyGym" time="4.103">
    <failure type="org.openqa.selenium.NoSuchWindowException" message="no such window: target window already closed
from unknown error: web view not found
  (Session info: chrome=146.0.7680.80)
Build info: version: &amp;apos;4.43.0&amp;apos;, revision: &amp;apos;dd0f534&amp;apos;
System info: os.name: &amp;apos;Windows 11&amp;apos;, os.arch: &amp;apos;amd64&amp;apos;, os.version: &amp;apos;10.0&amp;apos;, java.version: &amp;apos;21.0.9&amp;apos;
Driver info: org.openqa.selenium.chrome.ChromeDriver
Command: [94b441f592147ba24421fe70bbd290fe, getCurrentUrl {}]
Capabilities {acceptInsecureCerts: false, browserName: chrome, browserVersion: 146.0.7680.80, chrome: {chromedriverVersion: 146.0.7680.165 (4b989da09e1..., userDataDir: C:\Users\2476040\AppData\Lo...}, fedcm:accounts: true, goog:chromeOptions: {debuggerAddress: localhost:49717}, goog:processID: 28600, networkConnectionEnabled: false, pageLoadStrategy: normal, platformName: windows, proxy: Proxy(), se:cdp: ws://localhost:49717/devtoo..., se:cdpVersion: 146.0.7680.80, setWindowRect: true, strictFileInteractability: false, timeouts: {implicit: 0, pageLoad: 300000, script: 30000}, unhandledPromptBehavior: dismiss and notify, webauthn:extension:credBlob: true, webauthn:extension:largeBlob: true, webauthn:extension:minPinLength: true, webauthn:extension:prf: true, webauthn:virtualAuthenticators: true}
Session ID: 94b441f592147ba24421fe70bbd290fe">
      <![CDATA[org.openqa.selenium.NoSuchWindowException: no such window: target window already closed
from unknown error: web view not found
  (Session info: chrome=146.0.7680.80)
Build info: version: '4.43.0', revision: 'dd0f534'
System info: os.name: 'Windows 11', os.arch: 'amd64', os.version: '10.0', java.version: '21.0.9'
Driver info: org.openqa.selenium.chrome.ChromeDriver
Command: [94b441f592147ba24421fe70bbd290fe, getCurrentUrl {}]
Capabilities {acceptInsecureCerts: false, browserName: chrome, browserVersion: 146.0.7680.80, chrome: {chromedriverVersion: 146.0.7680.165 (4b989da09e1..., userDataDir: C:\Users\2476040\AppData\Lo...}, fedcm:accounts: true, goog:chromeOptions: {debuggerAddress: localhost:49717}, goog:processID: 28600, networkConnectionEnabled: false, pageLoadStrategy: normal, platformName: windows, proxy: Proxy(), se:cdp: ws://localhost:49717/devtoo..., se:cdpVersion: 146.0.7680.80, setWindowRect: true, strictFileInteractability: false, timeouts: {implicit: 0, pageLoad: 300000, script: 30000}, unhandledPromptBehavior: dismiss and notify, webauthn:extension:credBlob: true, webauthn:extension:largeBlob: true, webauthn:extension:minPinLength: true, webauthn:extension:prf: true, webauthn:virtualAuthenticators: true}
Session ID: 94b441f592147ba24421fe70bbd290fe
at org.openqa.selenium.remote.ErrorCodec.decode(ErrorCodec.java:169)
at org.openqa.selenium.remote.codec.w3c.W3CHttpResponseCodec.decode(W3CHttpResponseCodec.java:142)
at org.openqa.selenium.remote.codec.w3c.W3CHttpResponseCodec.decode(W3CHttpResponseCodec.java:49)
at org.openqa.selenium.remote.HttpCommandExecutor.execute(HttpCommandExecutor.java:223)
at org.openqa.selenium.remote.service.DriverCommandExecutor.invokeExecute(DriverCommandExecutor.java:216)
at org.openqa.selenium.remote.service.DriverCommandExecutor.execute(DriverCommandExecutor.java:174)
at org.openqa.selenium.remote.RemoteWebDriver.execute(RemoteWebDriver.java:606)
at org.openqa.selenium.remote.RemoteWebDriver.execute(RemoteWebDriver.java:688)
at org.openqa.selenium.remote.RemoteWebDriver.execute(RemoteWebDriver.java:692)
at org.openqa.selenium.remote.RemoteWebDriver.getCurrentUrl(RemoteWebDriver.java:386)
at com.selenium.tests.JustDialTest.TC_10_ReturnToHomeAndVerifyGym(JustDialTest.java:104)
at java.base/jdk.internal.reflect.DirectMethodHandleAccessor.invoke(DirectMethodHandleAccessor.java:103)
at java.base/java.lang.reflect.Method.invoke(Method.java:580)
at org.testng.internal.invokers.MethodInvocationHelper.invokeMethod(MethodInvocationHelper.java:141)
at org.testng.internal.invokers.TestInvoker.invokeMethod(TestInvoker.java:697)
at org.testng.internal.invokers.TestInvoker.invokeTestMethod(TestInvoker.java:230)
at org.testng.internal.invokers.MethodRunner.runInSequence(MethodRunner.java:63)
at org.testng.internal.invokers.TestInvoker$MethodInvocationAgent.invoke(TestInvoker.java:1005)
at org.testng.internal.invokers.TestInvoker.invokeTestMethods(TestInvoker.java:203)
at org.testng.internal.invokers.TestMethodWorker.invokeTestMethods(TestMethodWorker.java:154)
at org.testng.internal.invokers.TestMethodWorker.run(TestMethodWorker.java:134)
at java.base/java.util.ArrayList.forEach(ArrayList.java:1596)
at org.testng.TestRunner.privateRun(TestRunner.java:744)
at org.testng.TestRunner.run(TestRunner.java:616)
at org.testng.SuiteRunner.runTest(SuiteRunner.java:421)
at org.testng.SuiteRunner.runSequentially(SuiteRunner.java:413)
at org.testng.SuiteRunner.privateRun(SuiteRunner.java:373)
at org.testng.SuiteRunner.run(SuiteRunner.java:312)
at org.testng.SuiteRunnerWorker.runSuite(SuiteRunnerWorker.java:52)
at org.testng.SuiteRunnerWorker.run(SuiteRunnerWorker.java:95)
at org.testng.TestNG.runSuitesSequentially(TestNG.java:1274)
at org.testng.TestNG.runSuitesLocally(TestNG.java:1208)
at org.testng.TestNG.runSuites(TestNG.java:1112)
at org.testng.TestNG.run(TestNG.java:1079)
at org.testng.remote.AbstractRemoteTestNG.run(AbstractRemoteTestNG.java:115)
at org.testng.remote.RemoteTestNG.initAndRun(RemoteTestNG.java:293)
at org.testng.remote.RemoteTestNG.main(RemoteTestNG.java:91)
]]>
    </failure>
  </testcase> <!-- TC_10_ReturnToHomeAndVerifyGym -->
  <testcase classname="com.selenium.tests.JustDialTest" name="TC_04_ValidateVotesCriteria" time="0.0">
    <ignored/>
  </testcase> <!-- TC_04_ValidateVotesCriteria -->
  <testcase classname="com.selenium.tests.JustDialTest" name="TC_09_VerifyErrorMessage" time="0.0">
    <ignored/>
  </testcase> <!-- TC_09_VerifyErrorMessage -->
  <testcase classname="com.selenium.tests.JustDialTest" name="TC_01_VerifyHomePageLoad" time="0.0">
    <ignored/>
  </testcase> <!-- TC_01_VerifyHomePageLoad -->
  <testcase classname="com.selenium.tests.JustDialTest" name="TC_05_PrintTopFiveCarWash" time="0.0">
    <ignored/>
  </testcase> <!-- TC_05_PrintTopFiveCarWash -->
  <testcase classname="com.selenium.tests.JustDialTest" name="TC_06_VerifyFreeListingNavigation" time="0.0">
    <ignored/>
  </testcase> <!-- TC_06_VerifyFreeListingNavigation -->
  <testcase classname="com.selenium.tests.JustDialTest" name="TC_08_SubmitInvalidForm" time="0.0">
    <ignored/>
  </testcase> <!-- TC_08_SubmitInvalidForm -->
  <testcase classname="com.selenium.tests.JustDialTest" name="TC_12_PrintGymServices" time="0.0">
    <ignored/>
  </testcase> <!-- TC_12_PrintGymServices -->
  <testcase classname="com.selenium.tests.JustDialTest" name="TC_02_SearchCarWashServices" time="0.0">
    <ignored/>
  </testcase> <!-- TC_02_SearchCarWashServices -->
  <testcase classname="com.selenium.tests.JustDialTest" name="TC_03_ApplyRatingFilter" time="0.0">
    <ignored/>
  </testcase> <!-- TC_03_ApplyRatingFilter -->
  <testcase classname="com.selenium.tests.JustDialTest" name="TC_07_EnterInvalidPhoneInFreeListing" time="0.0">
    <ignored/>
  </testcase> <!-- TC_07_EnterInvalidPhoneInFreeListing -->
  <testcase classname="com.selenium.tests.JustDialTest" name="TC_11_VerifyGymServices" time="0.0">
    <ignored/>
  </testcase> <!-- TC_11_VerifyGymServices -->
</testsuite> <!-- Default test -->
