<?xml version="1.0" encoding="UTF-8"?>
<testng-results ignored="0" total="12" passed="12" failed="0" skipped="0">
  <reporter-output>
  </reporter-output>
  <suite started-at="2026-04-20T09:41:33 IST" name="JustDial Automation Suite" finished-at="2026-04-20T09:42:03 IST" duration-ms="29588">
    <groups>
    </groups>
    <test started-at="2026-04-20T09:41:33 IST" name="End-To-End Functional Tests" finished-at="2026-04-20T09:42:03 IST" duration-ms="29588">
      <class name="com.selenium.tests.JustDialTest">
        <test-method is-config="true" signature="setup()[pri:0, instance:com.selenium.tests.JustDialTest@26794848]" started-at="2026-04-20T09:41:33 IST" name="setup" finished-at="2026-04-20T09:41:37 IST" duration-ms="3938" status="PASS">
          <reporter-output>
          </reporter-output>
        </test-method> <!-- setup -->
        <test-method is-config="true" signature="init()[pri:0, instance:com.selenium.tests.JustDialTest@26794848]" started-at="2026-04-20T09:41:37 IST" name="init" finished-at="2026-04-20T09:41:37 IST" duration-ms="170" status="PASS">
          <reporter-output>
          </reporter-output>
        </test-method> <!-- init -->
        <test-method signature="TC_01_VerifyHomePageLoad()[pri:1, instance:com.selenium.tests.JustDialTest@26794848]" started-at="2026-04-20T09:41:38 IST" name="TC_01_VerifyHomePageLoad" finished-at="2026-04-20T09:41:41 IST" duration-ms="3532" status="PASS">
          <reporter-output>
          </reporter-output>
        </test-method> <!-- TC_01_VerifyHomePageLoad -->
        <test-method signature="TC_02_SearchCarWashServices()[pri:2, instance:com.selenium.tests.JustDialTest@26794848]" started-at="2026-04-20T09:41:41 IST" name="TC_02_SearchCarWashServices" finished-at="2026-04-20T09:41:44 IST" depends-on-methods="com.selenium.tests.JustDialTest.TC_01_VerifyHomePageLoad" duration-ms="3176" status="PASS">
          <reporter-output>
          </reporter-output>
        </test-method> <!-- TC_02_SearchCarWashServices -->
        <test-method signature="TC_03_ApplyRatingFilter()[pri:3, instance:com.selenium.tests.JustDialTest@26794848]" started-at="2026-04-20T09:41:44 IST" name="TC_03_ApplyRatingFilter" finished-at="2026-04-20T09:41:47 IST" depends-on-methods="com.selenium.tests.JustDialTest.TC_02_SearchCarWashServices" duration-ms="2817" status="PASS">
          <reporter-output>
          </reporter-output>
        </test-method> <!-- TC_03_ApplyRatingFilter -->
        <test-method signature="TC_04_ValidateVotesCriteria()[pri:4, instance:com.selenium.tests.JustDialTest@26794848]" started-at="2026-04-20T09:41:47 IST" name="TC_04_ValidateVotesCriteria" finished-at="2026-04-20T09:41:47 IST" depends-on-methods="com.selenium.tests.JustDialTest.TC_03_ApplyRatingFilter" duration-ms="16" status="PASS">
          <reporter-output>
          </reporter-output>
        </test-method> <!-- TC_04_ValidateVotesCriteria -->
        <test-method signature="TC_05_PrintTopFiveCarWash()[pri:5, instance:com.selenium.tests.JustDialTest@26794848]" started-at="2026-04-20T09:41:47 IST" name="TC_05_PrintTopFiveCarWash" finished-at="2026-04-20T09:41:48 IST" depends-on-methods="com.selenium.tests.JustDialTest.TC_04_ValidateVotesCriteria" duration-ms="597" status="PASS">
          <reporter-output>
          </reporter-output>
        </test-method> <!-- TC_05_PrintTopFiveCarWash -->
        <test-method signature="TC_06_VerifyFreeListingNavigation()[pri:6, instance:com.selenium.tests.JustDialTest@26794848]" started-at="2026-04-20T09:41:48 IST" name="TC_06_VerifyFreeListingNavigation" finished-at="2026-04-20T09:41:51 IST" duration-ms="3748" status="PASS">
          <reporter-output>
          </reporter-output>
        </test-method> <!-- TC_06_VerifyFreeListingNavigation -->
        <test-method signature="TC_07_EnterInvalidPhoneInFreeListing()[pri:7, instance:com.selenium.tests.JustDialTest@26794848]" started-at="2026-04-20T09:41:51 IST" name="TC_07_EnterInvalidPhoneInFreeListing" finished-at="2026-04-20T09:41:52 IST" depends-on-methods="com.selenium.tests.JustDialTest.TC_06_VerifyFreeListingNavigation" duration-ms="87" status="PASS">
          <reporter-output>
          </reporter-output>
        </test-method> <!-- TC_07_EnterInvalidPhoneInFreeListing -->
        <test-method signature="TC_08_SubmitInvalidForm()[pri:8, instance:com.selenium.tests.JustDialTest@26794848]" started-at="2026-04-20T09:41:52 IST" name="TC_08_SubmitInvalidForm" finished-at="2026-04-20T09:41:52 IST" depends-on-methods="com.selenium.tests.JustDialTest.TC_07_EnterInvalidPhoneInFreeListing" duration-ms="530" status="PASS">
          <reporter-output>
          </reporter-output>
        </test-method> <!-- TC_08_SubmitInvalidForm -->
        <test-method signature="TC_09_VerifyErrorMessage()[pri:9, instance:com.selenium.tests.JustDialTest@26794848]" started-at="2026-04-20T09:41:52 IST" name="TC_09_VerifyErrorMessage" finished-at="2026-04-20T09:41:52 IST" depends-on-methods="com.selenium.tests.JustDialTest.TC_08_SubmitInvalidForm" duration-ms="25" status="PASS">
          <reporter-output>
          </reporter-output>
        </test-method> <!-- TC_09_VerifyErrorMessage -->
        <test-method signature="TC_10_ReturnToHomeAndVerifyGym()[pri:10, instance:com.selenium.tests.JustDialTest@26794848]" started-at="2026-04-20T09:41:52 IST" name="TC_10_ReturnToHomeAndVerifyGym" finished-at="2026-04-20T09:41:59 IST" duration-ms="6998" status="PASS">
          <reporter-output>
          </reporter-output>
        </test-method> <!-- TC_10_ReturnToHomeAndVerifyGym -->
        <test-method signature="TC_11_VerifyGymServices()[pri:11, instance:com.selenium.tests.JustDialTest@26794848]" started-at="2026-04-20T09:41:59 IST" name="TC_11_VerifyGymServices" finished-at="2026-04-20T09:41:59 IST" depends-on-methods="com.selenium.tests.JustDialTest.TC_10_ReturnToHomeAndVerifyGym" duration-ms="31" status="PASS">
          <reporter-output>
          </reporter-output>
        </test-method> <!-- TC_11_VerifyGymServices -->
        <test-method signature="TC_12_PrintGymServices()[pri:12, instance:com.selenium.tests.JustDialTest@26794848]" started-at="2026-04-20T09:41:59 IST" name="TC_12_PrintGymServices" finished-at="2026-04-20T09:42:00 IST" depends-on-methods="com.selenium.tests.JustDialTest.TC_11_VerifyGymServices" duration-ms="471" status="PASS">
          <reporter-output>
          </reporter-output>
        </test-method> <!-- TC_12_PrintGymServices -->
        <test-method is-config="true" signature="closeDriver()[pri:0, instance:com.selenium.tests.JustDialTest@26794848]" started-at="2026-04-20T09:42:00 IST" name="closeDriver" finished-at="2026-04-20T09:42:03 IST" duration-ms="3357" status="PASS">
          <reporter-output>
          </reporter-output>
        </test-method> <!-- closeDriver -->
      </class> <!-- com.selenium.tests.JustDialTest -->
    </test> <!-- End-To-End Functional Tests -->
  </suite> <!-- JustDial Automation Suite -->
</testng-results>
