<?xml version="1.0" encoding="UTF-8"?>
<!-- Generated by org.testng.reporters.JUnitReportReporter -->
<testsuite hostname="LTIN689915" failures="0" tests="12" name="com.selenium.tests.JustDialTest" time="22.028" errors="0" timestamp="2026-04-20T09:42:03 IST" skipped="0">
  <testcase classname="com.selenium.tests.JustDialTest" name="TC_01_VerifyHomePageLoad" time="3.532"/>
  <testcase classname="com.selenium.tests.JustDialTest" name="TC_02_SearchCarWashServices" time="3.176"/>
  <testcase classname="com.selenium.tests.JustDialTest" name="TC_03_ApplyRatingFilter" time="2.817"/>
  <testcase classname="com.selenium.tests.JustDialTest" name="TC_04_ValidateVotesCriteria" time="0.016"/>
  <testcase classname="com.selenium.tests.JustDialTest" name="TC_05_PrintTopFiveCarWash" time="0.597"/>
  <testcase classname="com.selenium.tests.JustDialTest" name="TC_06_VerifyFreeListingNavigation" time="3.748"/>
  <testcase classname="com.selenium.tests.JustDialTest" name="TC_07_EnterInvalidPhoneInFreeListing" time="0.087"/>
  <testcase classname="com.selenium.tests.JustDialTest" name="TC_08_SubmitInvalidForm" time="0.530"/>
  <testcase classname="com.selenium.tests.JustDialTest" name="TC_09_VerifyErrorMessage" time="0.025"/>
  <testcase classname="com.selenium.tests.JustDialTest" name="TC_10_ReturnToHomeAndVerifyGym" time="6.998"/>
  <testcase classname="com.selenium.tests.JustDialTest" name="TC_11_VerifyGymServices" time="0.031"/>
  <testcase classname="com.selenium.tests.JustDialTest" name="TC_12_PrintGymServices" time="0.471"/>
</testsuite> <!-- com.selenium.tests.JustDialTest -->
